2014-05-19 13:04:25 [INFO]   support.ClassPathXmlApplicationContext   org.springframework.context.support.AbstractApplicationContext.prepareRefresh(AbstractApplicationContext.java:418)    -   Refreshing org.springframework.context.support.ClassPathXmlApplicationContext@19fcc69: startup date [Mon May 19 13:04:25 CST 2014]; root of context hierarchy
 2014-05-19 13:04:25 [INFO]   xml.XmlBeanDefinitionReader   org.springframework.beans.factory.xml.XmlBeanDefinitionReader.loadBeanDefinitions(XmlBeanDefinitionReader.java:297)    -   Loading XML bean definitions from class path resource [applicationContext.xml]
 2014-05-19 13:04:26 [INFO]   xml.XmlBeanDefinitionReader   org.springframework.beans.factory.xml.XmlBeanDefinitionReader.loadBeanDefinitions(XmlBeanDefinitionReader.java:297)    -   Loading XML bean definitions from URL [file:/E:/MTS3.0/mtsbank-report/bin/job.xml]
 2014-05-19 13:04:26 [INFO]   support.DefaultListableBeanFactory   org.springframework.beans.factory.support.DefaultListableBeanFactory.preInstantiateSingletons(DefaultListableBeanFactory.java:518)    -   Pre-instantiating singletons in org.springframework.beans.factory.support.DefaultListableBeanFactory@54a328: defining beans [basicInfoTemplate,flowTimeReport,backReasonReport,scrapedReport,dailyAmountReport,allFlowTimeReport,scrapReportTask,scrapReportTime,backReasonReportTask,backReasonReportTime,dailyAmountReportTask,dailyAmountReportTaskTime,allFlowTimeReportTask,allFlowTimeReportTime,flowTimeReportTask,flowTimeReportTime,startQuertz]; root of factory hierarchy
 2014-05-19 13:04:27 [INFO]   core.QuartzScheduler   org.quartz.core.QuartzScheduler.<init>(QuartzScheduler.java:209)    -   Quartz Scheduler v.1.6.0 created.
 2014-05-19 13:04:27 [INFO]   simpl.RAMJobStore   org.quartz.simpl.RAMJobStore.initialize(RAMJobStore.java:141)    -   RAMJobStore initialized.
 2014-05-19 13:04:27 [INFO]   impl.StdSchedulerFactory   org.quartz.impl.StdSchedulerFactory.instantiate(StdSchedulerFactory.java:1208)    -   Quartz scheduler 'startQuertz' initialized from an externally provided properties instance.
 2014-05-19 13:04:27 [INFO]   impl.StdSchedulerFactory   org.quartz.impl.StdSchedulerFactory.instantiate(StdSchedulerFactory.java:1212)    -   Quartz scheduler version: 1.6.0
 2014-05-19 13:04:27 [INFO]   core.QuartzScheduler   org.quartz.core.QuartzScheduler.setJobFactory(QuartzScheduler.java:2065)    -   JobFactory set to: org.springframework.scheduling.quartz.AdaptableJobFactory@cdb06e
 2014-05-19 13:04:27 [INFO]   quartz.SchedulerFactoryBean   org.springframework.scheduling.quartz.SchedulerFactoryBean.startScheduler(SchedulerFactoryBean.java:625)    -   Starting Quartz Scheduler now
 2014-05-19 13:04:27 [INFO]   core.QuartzScheduler   org.quartz.core.QuartzScheduler.start(QuartzScheduler.java:455)    -   Scheduler startQuertz_$_NON_CLUSTERED started.
 2014-05-19 13:04:27 [INFO]   report.AllFlowTimeReport   com.cdg.mtsbank.report.AllFlowTimeReport.getAllFlowTimeReport(AllFlowTimeReport.java:35)    -   移动终端服务系统3.0-0408-全流程报表-开始,定时任务标记20140519130427
 2014-05-19 13:04:27 [INFO]   report.WebServiceDataFactory   com.cdg.mtsbank.report.WebServiceDataFactory.getWebServiceData(WebServiceDataFactory.java:27)    -   coming address is :http://192.168.100.239:7041/mts-web/services/ReleaseReportWebService
 2014-05-19 13:04:30 [INFO]   report.AllFlowTimeReport   com.cdg.mtsbank.report.AllFlowTimeReport.getAllFlowTimeReport(AllFlowTimeReport.java:89)    -   移动终端服务3.0-0408 全流程报表-结束,定时任务标记20140519130427
 2014-05-19 13:04:30 [INFO]   report.BackReasonReport   com.cdg.mtsbank.report.BackReasonReport.getBackReasonReport(BackReasonReport.java:32)    -   移动终端服务系统3.0-0408-补件原因报表-开始,定时任务标记20140519130430
 2014-05-19 13:04:30 [INFO]   report.WebServiceDataFactory   com.cdg.mtsbank.report.WebServiceDataFactory.getWebServiceData(WebServiceDataFactory.java:27)    -   coming address is :http://192.168.100.239:7041/mts-web/services/ReleaseReportWebService
 2014-05-19 13:04:30 [INFO]   report.BackReasonReport   com.cdg.mtsbank.report.BackReasonReport.getBackReasonReport(BackReasonReport.java:84)    -   移动终端服务3.0-0408 补件原因报表-结束,定时任务标记20140519130430
 2014-05-19 13:04:30 [INFO]   report.DailyAmountReport   com.cdg.mtsbank.report.DailyAmountReport.getDailyAmountReport(DailyAmountReport.java:39)    -   移动终端服务系统3.0-0408-各用户进件量报表-开始,定时任务标记20140519130430
 2014-05-19 13:04:30 [INFO]   report.WebServiceDataFactory   com.cdg.mtsbank.report.WebServiceDataFactory.getWebServiceData(WebServiceDataFactory.java:27)    -   coming address is :http://192.168.100.239:7041/mts-web/services/ReleaseReportWebService
 2014-05-19 13:04:30 [INFO]   report.DailyAmountReport   com.cdg.mtsbank.report.DailyAmountReport.getDailyAmountReport(DailyAmountReport.java:95)    -   移动终端服务3.0-0408 各用户进件量报表-结束,定时任务标记20140519130430
 2014-05-19 13:04:30 [INFO]   report.FlowTimeReport   com.cdg.mtsbank.report.FlowTimeReport.getFlowTimeReport(FlowTimeReport.java:41)    -   移动终端服务系统3.0-0408-时效报表-开始,定时任务标记20140519130430
 2014-05-19 13:04:30 [INFO]   report.WebServiceDataFactory   com.cdg.mtsbank.report.WebServiceDataFactory.getWebServiceData(WebServiceDataFactory.java:27)    -   coming address is :http://192.168.100.239:7041/mts-web/services/ReleaseReportWebService
 2014-05-19 13:04:30 [INFO]   report.FlowTimeReport   com.cdg.mtsbank.report.FlowTimeReport.getFlowTimeReport(FlowTimeReport.java:100)    -   移动终端服务3.0-0408 初审时效报表-结束,定时任务标记20140519130430
 2014-05-19 13:04:30 [INFO]   report.ScrapedReport   com.cdg.mtsbank.report.ScrapedReport.getScrapedReport(ScrapedReport.java:34)    -   移动终端服务系统3.0-0408-废件报表-开始,定时任务标记20140519130430
 2014-05-19 13:04:30 [INFO]   report.WebServiceDataFactory   com.cdg.mtsbank.report.WebServiceDataFactory.getWebServiceData(WebServiceDataFactory.java:27)    -   coming address is :http://192.168.100.239:7041/mts-web/services/ReleaseReportWebService
 2014-05-19 13:04:30 [INFO]   report.ScrapedReport   com.cdg.mtsbank.report.ScrapedReport.getScrapedReport(ScrapedReport.java:87)    -   移动终端服务3.0-0408 废件报表-结束,定时任务标记20140519130430
 2014-05-19 13:04:30 [INFO]   report.JobStart   com.cdg.mtsbank.report.JobStart.main(JobStart.java:61)    -   MTS3.0 report system loading over!
 