2014-05-04 16:45:39 [INFO]   report.WebServiceDataFactory   com.cdg.mtsbank.report.WebServiceDataFactory.getWebServiceData(WebServiceDataFactory.java:29)    -   coming address is :http://192.168.100.239:7041/mts-web/services/ReportFlowTimeWebService
 2014-05-04 16:46:31 [INFO]   report.WebServiceDataFactory   com.cdg.mtsbank.report.WebServiceDataFactory.getWebServiceData(WebServiceDataFactory.java:29)    -   coming address is :http://192.168.100.239:7041/mts-web/services/ReportFlowTimeService
 2014-05-04 17:41:53 [INFO]   report.WebServiceDataFactory   com.cdg.mtsbank.report.WebServiceDataFactory.getWebServiceData(WebServiceDataFactory.java:29)    -   coming address is :http://192.168.100.239:7041/mts-web/services/ReportFlowTimeService
 2014-05-04 17:58:51 [INFO]   support.ClassPathXmlApplicationContext   org.springframework.context.support.AbstractApplicationContext.prepareRefresh(AbstractApplicationContext.java:418)    -   Refreshing org.springframework.context.support.ClassPathXmlApplicationContext@79717e: startup date [Sun May 04 17:58:51 CST 2014]; root of context hierarchy
 2014-05-04 17:58:51 [INFO]   xml.XmlBeanDefinitionReader   org.springframework.beans.factory.xml.XmlBeanDefinitionReader.loadBeanDefinitions(XmlBeanDefinitionReader.java:297)    -   Loading XML bean definitions from class path resource [applicationContext.xml]
 2014-05-04 17:58:52 [INFO]   xml.XmlBeanDefinitionReader   org.springframework.beans.factory.xml.XmlBeanDefinitionReader.loadBeanDefinitions(XmlBeanDefinitionReader.java:297)    -   Loading XML bean definitions from URL [file:/E:/MyWorkspace%208.5/mtsbank-report/bin/job.xml]
 2014-05-04 17:58:52 [INFO]   support.DefaultListableBeanFactory   org.springframework.beans.factory.support.DefaultListableBeanFactory.preInstantiateSingletons(DefaultListableBeanFactory.java:518)    -   Pre-instantiating singletons in org.springframework.beans.factory.support.DefaultListableBeanFactory@1c0f2e5: defining beans [scrapReport,backReasonReport,orderByUserReport,orderAmountReport,settlementReport,flowTimeReport,scrapReportTask,scrapReportTime,backReasonReportTask,backReasonReportTime,orderByUserReportTask,orderByUserReportTime,orderAmountReportTask,orderAmountReportTime,settlementReportTask,settlementReportTime,flowTimeReportTask,flowTimeReportTime,startQuertz]; root of factory hierarchy
 2014-05-04 17:58:52 [INFO]   support.DefaultListableBeanFactory   org.springframework.beans.factory.support.DefaultSingletonBeanRegistry.destroySingletons(DefaultSingletonBeanRegistry.java:421)    -   Destroying singletons in org.springframework.beans.factory.support.DefaultListableBeanFactory@1c0f2e5: defining beans [scrapReport,backReasonReport,orderByUserReport,orderAmountReport,settlementReport,flowTimeReport,scrapReportTask,scrapReportTime,backReasonReportTask,backReasonReportTime,orderByUserReportTask,orderByUserReportTime,orderAmountReportTask,orderAmountReportTime,settlementReportTask,settlementReportTime,flowTimeReportTask,flowTimeReportTime,startQuertz]; root of factory hierarchy
 2014-05-04 18:01:20 [INFO]   support.ClassPathXmlApplicationContext   org.springframework.context.support.AbstractApplicationContext.prepareRefresh(AbstractApplicationContext.java:418)    -   Refreshing org.springframework.context.support.ClassPathXmlApplicationContext@79717e: startup date [Sun May 04 18:01:20 CST 2014]; root of context hierarchy
 2014-05-04 18:01:20 [INFO]   xml.XmlBeanDefinitionReader   org.springframework.beans.factory.xml.XmlBeanDefinitionReader.loadBeanDefinitions(XmlBeanDefinitionReader.java:297)    -   Loading XML bean definitions from class path resource [applicationContext.xml]
 2014-05-04 18:01:20 [INFO]   xml.XmlBeanDefinitionReader   org.springframework.beans.factory.xml.XmlBeanDefinitionReader.loadBeanDefinitions(XmlBeanDefinitionReader.java:297)    -   Loading XML bean definitions from URL [file:/E:/MyWorkspace%208.5/mtsbank-report/bin/job.xml]
 2014-05-04 18:01:21 [INFO]   support.DefaultListableBeanFactory   org.springframework.beans.factory.support.DefaultListableBeanFactory.preInstantiateSingletons(DefaultListableBeanFactory.java:518)    -   Pre-instantiating singletons in org.springframework.beans.factory.support.DefaultListableBeanFactory@1c0f2e5: defining beans [scrapReport,backReasonReport,orderByUserReport,orderAmountReport,settlementReport,flowTimeReport,scrapReportTask,scrapReportTime,backReasonReportTask,backReasonReportTime,orderByUserReportTask,orderByUserReportTime,orderAmountReportTask,orderAmountReportTime,settlementReportTask,settlementReportTime,flowTimeReportTask,flowTimeReportTime,startQuertz]; root of factory hierarchy
 2014-05-04 18:01:21 [INFO]   support.DefaultListableBeanFactory   org.springframework.beans.factory.support.DefaultSingletonBeanRegistry.destroySingletons(DefaultSingletonBeanRegistry.java:421)    -   Destroying singletons in org.springframework.beans.factory.support.DefaultListableBeanFactory@1c0f2e5: defining beans [scrapReport,backReasonReport,orderByUserReport,orderAmountReport,settlementReport,flowTimeReport,scrapReportTask,scrapReportTime,backReasonReportTask,backReasonReportTime,orderByUserReportTask,orderByUserReportTime,orderAmountReportTask,orderAmountReportTime,settlementReportTask,settlementReportTime,flowTimeReportTask,flowTimeReportTime,startQuertz]; root of factory hierarchy
 2014-05-04 18:02:50 [INFO]   support.ClassPathXmlApplicationContext   org.springframework.context.support.AbstractApplicationContext.prepareRefresh(AbstractApplicationContext.java:418)    -   Refreshing org.springframework.context.support.ClassPathXmlApplicationContext@79717e: startup date [Sun May 04 18:02:50 CST 2014]; root of context hierarchy
 2014-05-04 18:02:50 [INFO]   xml.XmlBeanDefinitionReader   org.springframework.beans.factory.xml.XmlBeanDefinitionReader.loadBeanDefinitions(XmlBeanDefinitionReader.java:297)    -   Loading XML bean definitions from class path resource [applicationContext.xml]
 2014-05-04 18:02:50 [INFO]   xml.XmlBeanDefinitionReader   org.springframework.beans.factory.xml.XmlBeanDefinitionReader.loadBeanDefinitions(XmlBeanDefinitionReader.java:297)    -   Loading XML bean definitions from URL [file:/E:/MyWorkspace%208.5/mtsbank-report/bin/job.xml]
 2014-05-04 18:02:50 [INFO]   support.DefaultListableBeanFactory   org.springframework.beans.factory.support.DefaultListableBeanFactory.preInstantiateSingletons(DefaultListableBeanFactory.java:518)    -   Pre-instantiating singletons in org.springframework.beans.factory.support.DefaultListableBeanFactory@1c0f2e5: defining beans [flowTimeReport,scrapReportTask,scrapReportTime,backReasonReportTask,backReasonReportTime,orderByUserReportTask,orderByUserReportTime,orderAmountReportTask,orderAmountReportTime,settlementReportTask,settlementReportTime,flowTimeReportTask,flowTimeReportTime,startQuertz]; root of factory hierarchy
 2014-05-04 18:02:50 [INFO]   support.DefaultListableBeanFactory   org.springframework.beans.factory.support.DefaultSingletonBeanRegistry.destroySingletons(DefaultSingletonBeanRegistry.java:421)    -   Destroying singletons in org.springframework.beans.factory.support.DefaultListableBeanFactory@1c0f2e5: defining beans [flowTimeReport,scrapReportTask,scrapReportTime,backReasonReportTask,backReasonReportTime,orderByUserReportTask,orderByUserReportTime,orderAmountReportTask,orderAmountReportTime,settlementReportTask,settlementReportTime,flowTimeReportTask,flowTimeReportTime,startQuertz]; root of factory hierarchy
 2014-05-04 18:03:58 [INFO]   support.ClassPathXmlApplicationContext   org.springframework.context.support.AbstractApplicationContext.prepareRefresh(AbstractApplicationContext.java:418)    -   Refreshing org.springframework.context.support.ClassPathXmlApplicationContext@79717e: startup date [Sun May 04 18:03:58 CST 2014]; root of context hierarchy
 2014-05-04 18:03:58 [INFO]   xml.XmlBeanDefinitionReader   org.springframework.beans.factory.xml.XmlBeanDefinitionReader.loadBeanDefinitions(XmlBeanDefinitionReader.java:297)    -   Loading XML bean definitions from class path resource [applicationContext.xml]
 2014-05-04 18:03:58 [INFO]   support.DefaultListableBeanFactory   org.springframework.beans.factory.support.DefaultListableBeanFactory.preInstantiateSingletons(DefaultListableBeanFactory.java:518)    -   Pre-instantiating singletons in org.springframework.beans.factory.support.DefaultListableBeanFactory@192c8d9: defining beans [flowTimeReport]; root of factory hierarchy
 2014-05-04 18:03:58 [INFO]   report.FlowTimeReport   com.cdg.mtsbank.report.FlowTimeReport.getFlowTimeReport(FlowTimeReport.java:87)    -   移动终端服务系统3.0-0408-时效报表-开始,定时任务标记20140504180358
 2014-05-04 18:03:58 [INFO]   report.WebServiceDataFactory   com.cdg.mtsbank.report.WebServiceDataFactory.getWebServiceData(WebServiceDataFactory.java:29)    -   coming address is :http://192.168.100.239:7041/mts-web/services/ReportFlowTimeWebService
 2014-05-04 18:05:01 [INFO]   support.ClassPathXmlApplicationContext   org.springframework.context.support.AbstractApplicationContext.prepareRefresh(AbstractApplicationContext.java:418)    -   Refreshing org.springframework.context.support.ClassPathXmlApplicationContext@79717e: startup date [Sun May 04 18:05:01 CST 2014]; root of context hierarchy
 2014-05-04 18:05:01 [INFO]   xml.XmlBeanDefinitionReader   org.springframework.beans.factory.xml.XmlBeanDefinitionReader.loadBeanDefinitions(XmlBeanDefinitionReader.java:297)    -   Loading XML bean definitions from class path resource [applicationContext.xml]
 2014-05-04 18:05:01 [INFO]   support.DefaultListableBeanFactory   org.springframework.beans.factory.support.DefaultListableBeanFactory.preInstantiateSingletons(DefaultListableBeanFactory.java:518)    -   Pre-instantiating singletons in org.springframework.beans.factory.support.DefaultListableBeanFactory@192c8d9: defining beans [flowTimeReport]; root of factory hierarchy
 2014-05-04 18:05:02 [INFO]   report.FlowTimeReport   com.cdg.mtsbank.report.FlowTimeReport.getFlowTimeReport(FlowTimeReport.java:87)    -   移动终端服务系统3.0-0408-时效报表-开始,定时任务标记20140504180502
 2014-05-04 18:05:02 [INFO]   report.WebServiceDataFactory   com.cdg.mtsbank.report.WebServiceDataFactory.getWebServiceData(WebServiceDataFactory.java:29)    -   coming address is :http://192.168.100.239:7041/mts-web/services/ReportFlowTimeService
 2014-05-04 18:05:03 [INFO]   report.FlowTimeReport   com.cdg.mtsbank.report.FlowTimeReport.getFlowTimeReportFile(FlowTimeReport.java:317)    -   时效报表-d:/mtsnb_report\时效报表_20140504180502.xls生成成功!
 2014-05-04 18:05:03 [ERROR]   util.FileUtil   com.cdg.mtsbank.util.FileUtil.uploadPackage(FileUtil.java:217)    -   d:\mtsnb_report\0408时效报表_20140504180502.xls (系统找不到指定的文件。)
 2014-05-04 18:59:44 [INFO]   support.ClassPathXmlApplicationContext   org.springframework.context.support.AbstractApplicationContext.prepareRefresh(AbstractApplicationContext.java:418)    -   Refreshing org.springframework.context.support.ClassPathXmlApplicationContext@3570b0: startup date [Sun May 04 18:59:44 CST 2014]; root of context hierarchy
 2014-05-04 18:59:44 [INFO]   xml.XmlBeanDefinitionReader   org.springframework.beans.factory.xml.XmlBeanDefinitionReader.loadBeanDefinitions(XmlBeanDefinitionReader.java:297)    -   Loading XML bean definitions from class path resource [applicationContext.xml]
 2014-05-04 18:59:44 [INFO]   support.DefaultListableBeanFactory   org.springframework.beans.factory.support.DefaultListableBeanFactory.preInstantiateSingletons(DefaultListableBeanFactory.java:518)    -   Pre-instantiating singletons in org.springframework.beans.factory.support.DefaultListableBeanFactory@192c8d9: defining beans [flowTimeReport]; root of factory hierarchy
 2014-05-04 18:59:44 [INFO]   report.FlowTimeReport   com.cdg.mtsbank.report.FlowTimeReport.getFlowTimeReport(FlowTimeReport.java:87)    -   移动终端服务系统3.0-0408-时效报表-开始,定时任务标记20140504185944
 2014-05-04 18:59:44 [INFO]   report.WebServiceDataFactory   com.cdg.mtsbank.report.WebServiceDataFactory.getWebServiceData(WebServiceDataFactory.java:29)    -   coming address is :http://192.168.100.239:7041/mts-web/services/ReportFlowTimeService
 2014-05-04 18:59:46 [INFO]   report.FlowTimeReport   com.cdg.mtsbank.report.FlowTimeReport.getFlowTimeReportFile(FlowTimeReport.java:317)    -   时效报表-d:/mtsnb_report\时效报表_20140504185944.xls生成成功!
 2014-05-04 18:59:48 [ERROR]   util.FileUtil   com.cdg.mtsbank.util.FileUtil.uploadPackage(FileUtil.java:217)    -   d:\mtsnb_report\0408时效报表_20140504185944.xls (系统找不到指定的文件。)
 2014-05-04 19:01:17 [INFO]   support.ClassPathXmlApplicationContext   org.springframework.context.support.AbstractApplicationContext.prepareRefresh(AbstractApplicationContext.java:418)    -   Refreshing org.springframework.context.support.ClassPathXmlApplicationContext@10a2d64: startup date [Sun May 04 19:01:17 CST 2014]; root of context hierarchy
 2014-05-04 19:01:17 [INFO]   xml.XmlBeanDefinitionReader   org.springframework.beans.factory.xml.XmlBeanDefinitionReader.loadBeanDefinitions(XmlBeanDefinitionReader.java:297)    -   Loading XML bean definitions from class path resource [applicationContext.xml]
 2014-05-04 19:01:18 [INFO]   support.DefaultListableBeanFactory   org.springframework.beans.factory.support.DefaultListableBeanFactory.preInstantiateSingletons(DefaultListableBeanFactory.java:518)    -   Pre-instantiating singletons in org.springframework.beans.factory.support.DefaultListableBeanFactory@1c05ffd: defining beans [flowTimeReport]; root of factory hierarchy
 2014-05-04 19:01:18 [INFO]   report.FlowTimeReport   com.cdg.mtsbank.report.FlowTimeReport.getFlowTimeReport(FlowTimeReport.java:87)    -   移动终端服务系统3.0-0408-时效报表-开始,定时任务标记20140504190118
 2014-05-04 19:01:18 [INFO]   report.WebServiceDataFactory   com.cdg.mtsbank.report.WebServiceDataFactory.getWebServiceData(WebServiceDataFactory.java:29)    -   coming address is :http://192.168.100.239:7041/mts-web/services/ReportFlowTimeService
 2014-05-04 19:01:23 [INFO]   report.FlowTimeReport   com.cdg.mtsbank.report.FlowTimeReport.getFlowTimeReportFile(FlowTimeReport.java:317)    -   时效报表-d:/mtsnb_report\时效报表_20140504190118.xls生成成功!
 2014-05-04 19:01:23 [ERROR]   util.FileUtil   com.cdg.mtsbank.util.FileUtil.uploadPackage(FileUtil.java:217)    -   d:\mtsnb_report\0408时效报表_20140504190118.xls (系统找不到指定的文件。)
 2014-05-05 13:47:51 [INFO]   support.ClassPathXmlApplicationContext   org.springframework.context.support.AbstractApplicationContext.prepareRefresh(AbstractApplicationContext.java:418)    -   Refreshing org.springframework.context.support.ClassPathXmlApplicationContext@79717e: startup date [Mon May 05 13:47:51 CST 2014]; root of context hierarchy
 2014-05-05 13:47:52 [INFO]   xml.XmlBeanDefinitionReader   org.springframework.beans.factory.xml.XmlBeanDefinitionReader.loadBeanDefinitions(XmlBeanDefinitionReader.java:297)    -   Loading XML bean definitions from class path resource [applicationContext.xml]
 2014-05-05 13:47:53 [INFO]   support.DefaultListableBeanFactory   org.springframework.beans.factory.support.DefaultListableBeanFactory.preInstantiateSingletons(DefaultListableBeanFactory.java:518)    -   Pre-instantiating singletons in org.springframework.beans.factory.support.DefaultListableBeanFactory@192c8d9: defining beans [flowTimeReport]; root of factory hierarchy
 2014-05-05 13:47:53 [INFO]   report.FlowTimeReport   com.cdg.mtsbank.report.FlowTimeReport.getFlowTimeReport(FlowTimeReport.java:87)    -   移动终端服务系统3.0-0408-时效报表-开始,定时任务标记20140505134753
 2014-05-05 13:47:53 [INFO]   report.WebServiceDataFactory   com.cdg.mtsbank.report.WebServiceDataFactory.getWebServiceData(WebServiceDataFactory.java:29)    -   coming address is :http://192.168.100.239:7041/mts-web/services/ReportFlowTimeService
 2014-05-05 13:47:57 [INFO]   report.FlowTimeReport   com.cdg.mtsbank.report.FlowTimeReport.getFlowTimeReportFile(FlowTimeReport.java:317)    -   时效报表-d:/mtsnb_report\时效报表_20140505134753.xls生成成功!
 2014-05-05 13:47:58 [ERROR]   util.FileUtil   com.cdg.mtsbank.util.FileUtil.uploadPackage(FileUtil.java:217)    -   d:\mtsnb_report\0408时效报表_20140505134753.xls (系统找不到指定的文件。)
 2014-05-05 14:26:14 [INFO]   support.ClassPathXmlApplicationContext   org.springframework.context.support.AbstractApplicationContext.prepareRefresh(AbstractApplicationContext.java:418)    -   Refreshing org.springframework.context.support.ClassPathXmlApplicationContext@10a2d64: startup date [Mon May 05 14:26:14 CST 2014]; root of context hierarchy
 2014-05-05 14:26:14 [INFO]   xml.XmlBeanDefinitionReader   org.springframework.beans.factory.xml.XmlBeanDefinitionReader.loadBeanDefinitions(XmlBeanDefinitionReader.java:297)    -   Loading XML bean definitions from class path resource [applicationContext.xml]
 2014-05-05 14:26:14 [INFO]   support.DefaultListableBeanFactory   org.springframework.beans.factory.support.DefaultListableBeanFactory.preInstantiateSingletons(DefaultListableBeanFactory.java:518)    -   Pre-instantiating singletons in org.springframework.beans.factory.support.DefaultListableBeanFactory@1c05ffd: defining beans [flowTimeReport]; root of factory hierarchy
 2014-05-05 14:26:14 [INFO]   report.FlowTimeReport   com.cdg.mtsbank.report.FlowTimeReport.getFlowTimeReport(FlowTimeReport.java:87)    -   移动终端服务系统3.0-0408-时效报表-开始,定时任务标记20140505142614
 2014-05-05 14:26:14 [INFO]   report.WebServiceDataFactory   com.cdg.mtsbank.report.WebServiceDataFactory.getWebServiceData(WebServiceDataFactory.java:29)    -   coming address is :http://192.168.100.239:7041/mts-web/services/ReportFlowTimeService
 2014-05-05 14:26:16 [INFO]   report.FlowTimeReport   com.cdg.mtsbank.report.FlowTimeReport.getFlowTimeReportFile(FlowTimeReport.java:317)    -   时效报表-d:/mtsnb_report\时效报表_20140505142614.xls生成成功!
 2014-05-05 14:26:16 [ERROR]   util.FileUtil   com.cdg.mtsbank.util.FileUtil.uploadPackage(FileUtil.java:217)    -   d:\mtsnb_report\0408时效报表_20140505142614.xls (系统找不到指定的文件。)
 2014-05-05 16:30:55 [INFO]   util.DateUtil   com.cdg.mtsbank.util.DateUtil.main(DateUtil.java:207)    -   3000
 2014-05-05 16:31:46 [INFO]   util.DateUtil   com.cdg.mtsbank.util.DateUtil.main(DateUtil.java:207)    -   5
 2014-05-05 16:31:57 [INFO]   util.DateUtil   com.cdg.mtsbank.util.DateUtil.main(DateUtil.java:207)    -   5
 2014-05-05 16:32:25 [INFO]   util.DateUtil   com.cdg.mtsbank.util.DateUtil.main(DateUtil.java:207)    -   51
 2014-05-05 16:32:35 [INFO]   util.DateUtil   com.cdg.mtsbank.util.DateUtil.main(DateUtil.java:207)    -   51
 2014-05-05 16:33:19 [INFO]   util.DateUtil   com.cdg.mtsbank.util.DateUtil.main(DateUtil.java:208)    -   51.166666666666664
 2014-05-05 16:33:44 [INFO]   util.DateUtil   com.cdg.mtsbank.util.DateUtil.main(DateUtil.java:208)    -   51.166668
 2014-05-05 16:34:30 [INFO]   util.DateUtil   com.cdg.mtsbank.util.DateUtil.main(DateUtil.java:208)    -   51.166668
 2014-05-05 16:46:04 [INFO]   util.DateUtil   com.cdg.mtsbank.util.DateUtil.main(DateUtil.java:218)    -   51.17
 2014-05-05 17:18:36 [INFO]   support.ClassPathXmlApplicationContext   org.springframework.context.support.AbstractApplicationContext.prepareRefresh(AbstractApplicationContext.java:418)    -   Refreshing org.springframework.context.support.ClassPathXmlApplicationContext@79717e: startup date [Mon May 05 17:18:36 CST 2014]; root of context hierarchy
 2014-05-05 17:18:36 [INFO]   xml.XmlBeanDefinitionReader   org.springframework.beans.factory.xml.XmlBeanDefinitionReader.loadBeanDefinitions(XmlBeanDefinitionReader.java:297)    -   Loading XML bean definitions from class path resource [applicationContext.xml]
 2014-05-05 17:18:37 [INFO]   support.DefaultListableBeanFactory   org.springframework.beans.factory.support.DefaultListableBeanFactory.preInstantiateSingletons(DefaultListableBeanFactory.java:518)    -   Pre-instantiating singletons in org.springframework.beans.factory.support.DefaultListableBeanFactory@127fa12: defining beans [flowTimeReport]; root of factory hierarchy
 2014-05-05 17:18:38 [INFO]   report.FlowTimeReport   com.cdg.mtsbank.report.FlowTimeReport.getFlowTimeReport(FlowTimeReport.java:91)    -   移动终端服务系统3.0-0408-时效报表-开始,定时任务标记20140505171838
 2014-05-05 17:18:38 [INFO]   report.WebServiceDataFactory   com.cdg.mtsbank.report.WebServiceDataFactory.getWebServiceData(WebServiceDataFactory.java:27)    -   coming address is :http://192.168.100.239:7041/mts-web/services/ReportFlowTimeService
 2014-05-05 17:18:43 [INFO]   report.FlowTimeReport   com.cdg.mtsbank.report.FlowTimeReport.getFlowTimeReport(FlowTimeReport.java:154)    -   移动终端服务3.0-0408 时效报表-结束,定时任务标记20140505171838
 2014-05-05 17:23:48 [INFO]   support.ClassPathXmlApplicationContext   org.springframework.context.support.AbstractApplicationContext.prepareRefresh(AbstractApplicationContext.java:418)    -   Refreshing org.springframework.context.support.ClassPathXmlApplicationContext@79717e: startup date [Mon May 05 17:23:48 CST 2014]; root of context hierarchy
 2014-05-05 17:23:49 [INFO]   xml.XmlBeanDefinitionReader   org.springframework.beans.factory.xml.XmlBeanDefinitionReader.loadBeanDefinitions(XmlBeanDefinitionReader.java:297)    -   Loading XML bean definitions from class path resource [applicationContext.xml]
 2014-05-05 17:23:49 [INFO]   support.DefaultListableBeanFactory   org.springframework.beans.factory.support.DefaultListableBeanFactory.preInstantiateSingletons(DefaultListableBeanFactory.java:518)    -   Pre-instantiating singletons in org.springframework.beans.factory.support.DefaultListableBeanFactory@127fa12: defining beans [flowTimeReport]; root of factory hierarchy
 2014-05-05 17:23:49 [INFO]   report.FlowTimeReport   com.cdg.mtsbank.report.FlowTimeReport.getFlowTimeReport(FlowTimeReport.java:91)    -   移动终端服务系统3.0-0408-时效报表-开始,定时任务标记20140505172349
 2014-05-05 17:23:49 [INFO]   report.WebServiceDataFactory   com.cdg.mtsbank.report.WebServiceDataFactory.getWebServiceData(WebServiceDataFactory.java:27)    -   coming address is :http://192.168.100.239:7041/mts-web/services/ReportFlowTimeService
 2014-05-05 17:23:51 [INFO]   report.FlowTimeReport   com.cdg.mtsbank.report.FlowTimeReport.getFlowTimeReport(FlowTimeReport.java:154)    -   移动终端服务3.0-0408 时效报表-结束,定时任务标记20140505172349
 2014-05-06 16:29:41 [INFO]   support.ClassPathXmlApplicationContext   org.springframework.context.support.AbstractApplicationContext.prepareRefresh(AbstractApplicationContext.java:418)    -   Refreshing org.springframework.context.support.ClassPathXmlApplicationContext@79717e: startup date [Tue May 06 16:29:41 CST 2014]; root of context hierarchy
 2014-05-06 16:29:42 [INFO]   xml.XmlBeanDefinitionReader   org.springframework.beans.factory.xml.XmlBeanDefinitionReader.loadBeanDefinitions(XmlBeanDefinitionReader.java:297)    -   Loading XML bean definitions from class path resource [applicationContext.xml]
 2014-05-06 16:29:42 [INFO]   support.DefaultListableBeanFactory   org.springframework.beans.factory.support.DefaultListableBeanFactory.preInstantiateSingletons(DefaultListableBeanFactory.java:518)    -   Pre-instantiating singletons in org.springframework.beans.factory.support.DefaultListableBeanFactory@192c8d9: defining beans [basicInfo,flowTimeReport]; root of factory hierarchy
 2014-05-06 16:29:43 [INFO]   report.FlowTimeReport   com.cdg.mtsbank.report.FlowTimeReport.getFlowTimeReport(FlowTimeReport.java:39)    -   移动终端服务系统3.0-null-时效报表-开始,定时任务标记20140506162943
 2014-05-06 16:31:16 [INFO]   support.ClassPathXmlApplicationContext   org.springframework.context.support.AbstractApplicationContext.prepareRefresh(AbstractApplicationContext.java:418)    -   Refreshing org.springframework.context.support.ClassPathXmlApplicationContext@3570b0: startup date [Tue May 06 16:31:16 CST 2014]; root of context hierarchy
 2014-05-06 16:31:16 [INFO]   xml.XmlBeanDefinitionReader   org.springframework.beans.factory.xml.XmlBeanDefinitionReader.loadBeanDefinitions(XmlBeanDefinitionReader.java:297)    -   Loading XML bean definitions from class path resource [applicationContext.xml]
 2014-05-06 16:31:16 [INFO]   support.DefaultListableBeanFactory   org.springframework.beans.factory.support.DefaultListableBeanFactory.preInstantiateSingletons(DefaultListableBeanFactory.java:518)    -   Pre-instantiating singletons in org.springframework.beans.factory.support.DefaultListableBeanFactory@192c8d9: defining beans [basicInfo,flowTimeReport]; root of factory hierarchy
 2014-05-06 16:31:16 [INFO]   report.FlowTimeReport   com.cdg.mtsbank.report.FlowTimeReport.getFlowTimeReport(FlowTimeReport.java:39)    -   移动终端服务系统3.0-null-时效报表-开始,定时任务标记20140506163116
 2014-05-06 16:45:00 [INFO]   support.ClassPathXmlApplicationContext   org.springframework.context.support.AbstractApplicationContext.prepareRefresh(AbstractApplicationContext.java:418)    -   Refreshing org.springframework.context.support.ClassPathXmlApplicationContext@79717e: startup date [Tue May 06 16:45:00 CST 2014]; root of context hierarchy
 2014-05-06 16:45:01 [INFO]   xml.XmlBeanDefinitionReader   org.springframework.beans.factory.xml.XmlBeanDefinitionReader.loadBeanDefinitions(XmlBeanDefinitionReader.java:297)    -   Loading XML bean definitions from class path resource [applicationContext.xml]
 2014-05-06 16:45:01 [INFO]   support.DefaultListableBeanFactory   org.springframework.beans.factory.support.DefaultListableBeanFactory.preInstantiateSingletons(DefaultListableBeanFactory.java:518)    -   Pre-instantiating singletons in org.springframework.beans.factory.support.DefaultListableBeanFactory@192c8d9: defining beans [basicInfo,flowTimeReport]; root of factory hierarchy
 2014-05-06 16:45:01 [INFO]   report.FlowTimeReport   com.cdg.mtsbank.report.FlowTimeReport.getFlowTimeReport(FlowTimeReport.java:40)    -   移动终端服务系统3.0-0408-时效报表-开始,定时任务标记20140506164501
 2014-05-06 16:45:01 [INFO]   report.WebServiceDataFactory   com.cdg.mtsbank.report.WebServiceDataFactory.getWebServiceData(WebServiceDataFactory.java:27)    -   coming address is :http://192.168.100.239:7041/mts-web/services/ReportFlowTimeService
 2014-05-06 16:45:02 [INFO]   report.FlowTimeReport   com.cdg.mtsbank.report.FlowTimeReport.getFlowTimeReport(FlowTimeReport.java:100)    -   移动终端服务3.0-0408 时效报表-结束,定时任务标记20140506164501
 2014-05-06 16:48:00 [INFO]   support.ClassPathXmlApplicationContext   org.springframework.context.support.AbstractApplicationContext.prepareRefresh(AbstractApplicationContext.java:418)    -   Refreshing org.springframework.context.support.ClassPathXmlApplicationContext@79717e: startup date [Tue May 06 16:48:00 CST 2014]; root of context hierarchy
 2014-05-06 16:48:01 [INFO]   xml.XmlBeanDefinitionReader   org.springframework.beans.factory.xml.XmlBeanDefinitionReader.loadBeanDefinitions(XmlBeanDefinitionReader.java:297)    -   Loading XML bean definitions from class path resource [applicationContext.xml]
 2014-05-06 16:48:01 [INFO]   support.DefaultListableBeanFactory   org.springframework.beans.factory.support.DefaultListableBeanFactory.preInstantiateSingletons(DefaultListableBeanFactory.java:518)    -   Pre-instantiating singletons in org.springframework.beans.factory.support.DefaultListableBeanFactory@127fa12: defining beans [basicInfo,flowTimeReport]; root of factory hierarchy
 2014-05-06 16:48:01 [INFO]   report.FlowTimeReport   com.cdg.mtsbank.report.FlowTimeReport.getFlowTimeReport(FlowTimeReport.java:40)    -   移动终端服务系统3.0-0408-时效报表-开始,定时任务标记20140506164801
 2014-05-06 16:48:01 [INFO]   report.WebServiceDataFactory   com.cdg.mtsbank.report.WebServiceDataFactory.getWebServiceData(WebServiceDataFactory.java:27)    -   coming address is :http://192.168.100.239:7041/mts-web/services/ReportFlowTimeService
 2014-05-06 16:48:04 [INFO]   report.FlowTimeReport   com.cdg.mtsbank.report.FlowTimeReport.getFlowTimeReport(FlowTimeReport.java:100)    -   移动终端服务3.0-0408 时效报表-结束,定时任务标记20140506164801
 2014-05-06 17:16:47 [INFO]   support.ClassPathXmlApplicationContext   org.springframework.context.support.AbstractApplicationContext.prepareRefresh(AbstractApplicationContext.java:418)    -   Refreshing org.springframework.context.support.ClassPathXmlApplicationContext@3570b0: startup date [Tue May 06 17:16:47 CST 2014]; root of context hierarchy
 2014-05-06 17:16:48 [INFO]   xml.XmlBeanDefinitionReader   org.springframework.beans.factory.xml.XmlBeanDefinitionReader.loadBeanDefinitions(XmlBeanDefinitionReader.java:297)    -   Loading XML bean definitions from class path resource [applicationContext.xml]
 2014-05-06 17:16:48 [INFO]   support.DefaultListableBeanFactory   org.springframework.beans.factory.support.DefaultListableBeanFactory.preInstantiateSingletons(DefaultListableBeanFactory.java:518)    -   Pre-instantiating singletons in org.springframework.beans.factory.support.DefaultListableBeanFactory@127fa12: defining beans [basicInfo,flowTimeReport,backReasonReport]; root of factory hierarchy
 2014-05-06 17:16:48 [INFO]   support.DefaultListableBeanFactory   org.springframework.beans.factory.support.DefaultSingletonBeanRegistry.destroySingletons(DefaultSingletonBeanRegistry.java:421)    -   Destroying singletons in org.springframework.beans.factory.support.DefaultListableBeanFactory@127fa12: defining beans [basicInfo,flowTimeReport,backReasonReport]; root of factory hierarchy
 2014-05-06 17:27:57 [INFO]   support.ClassPathXmlApplicationContext   org.springframework.context.support.AbstractApplicationContext.prepareRefresh(AbstractApplicationContext.java:418)    -   Refreshing org.springframework.context.support.ClassPathXmlApplicationContext@3570b0: startup date [Tue May 06 17:27:57 CST 2014]; root of context hierarchy
 2014-05-06 17:27:58 [INFO]   xml.XmlBeanDefinitionReader   org.springframework.beans.factory.xml.XmlBeanDefinitionReader.loadBeanDefinitions(XmlBeanDefinitionReader.java:297)    -   Loading XML bean definitions from class path resource [applicationContext.xml]
 2014-05-06 17:27:58 [INFO]   support.DefaultListableBeanFactory   org.springframework.beans.factory.support.DefaultListableBeanFactory.preInstantiateSingletons(DefaultListableBeanFactory.java:518)    -   Pre-instantiating singletons in org.springframework.beans.factory.support.DefaultListableBeanFactory@192c8d9: defining beans [basicInfo,flowTimeReport,backReasonReport]; root of factory hierarchy
 2014-05-06 17:27:58 [INFO]   report.BackReasonReport   com.cdg.mtsbank.report.BackReasonReport.getBackReasonReport(BackReasonReport.java:61)    -   移动终端服务系统3.0-0408-补件原因报表-开始,定时任务标记20140506172758
 2014-05-06 17:27:58 [INFO]   report.WebServiceDataFactory   com.cdg.mtsbank.report.WebServiceDataFactory.getWebServiceData(WebServiceDataFactory.java:27)    -   coming address is :http://192.168.100.239:7041/mts-web/services/ReportBackReasonService
 2014-05-06 17:27:59 [INFO]   report.BackReasonReport   com.cdg.mtsbank.report.BackReasonReport.getBackReasonReport(BackReasonReport.java:136)    -   移动终端服务3.0-0408 补件原因报表-结束,定时任务标记20140506172758
 2014-05-07 10:59:21 [INFO]   support.ClassPathXmlApplicationContext   org.springframework.context.support.AbstractApplicationContext.prepareRefresh(AbstractApplicationContext.java:418)    -   Refreshing org.springframework.context.support.ClassPathXmlApplicationContext@79717e: startup date [Wed May 07 10:59:20 CST 2014]; root of context hierarchy
 2014-05-07 10:59:21 [INFO]   xml.XmlBeanDefinitionReader   org.springframework.beans.factory.xml.XmlBeanDefinitionReader.loadBeanDefinitions(XmlBeanDefinitionReader.java:297)    -   Loading XML bean definitions from class path resource [applicationContext.xml]
 2014-05-07 10:59:22 [INFO]   support.DefaultListableBeanFactory   org.springframework.beans.factory.support.DefaultListableBeanFactory.preInstantiateSingletons(DefaultListableBeanFactory.java:518)    -   Pre-instantiating singletons in org.springframework.beans.factory.support.DefaultListableBeanFactory@192c8d9: defining beans [basicInfo,flowTimeReport,backReasonReport]; root of factory hierarchy
 2014-05-07 10:59:22 [INFO]   report.BackReasonReport   com.cdg.mtsbank.report.BackReasonReport.getBackReasonReport(BackReasonReport.java:61)    -   移动终端服务系统3.0-0408-补件原因报表-开始,定时任务标记20140507105922
 2014-05-07 10:59:22 [INFO]   report.WebServiceDataFactory   com.cdg.mtsbank.report.WebServiceDataFactory.getWebServiceData(WebServiceDataFactory.java:27)    -   coming address is :http://192.168.100.239:7041/mts-web/services/ReportBackReasonService
 2014-05-07 10:59:27 [INFO]   report.BackReasonReport   com.cdg.mtsbank.report.BackReasonReport.getBackReasonReport(BackReasonReport.java:136)    -   移动终端服务3.0-0408 补件原因报表-结束,定时任务标记20140507105922
 2014-05-07 13:20:25 [INFO]   support.ClassPathXmlApplicationContext   org.springframework.context.support.AbstractApplicationContext.prepareRefresh(AbstractApplicationContext.java:418)    -   Refreshing org.springframework.context.support.ClassPathXmlApplicationContext@79717e: startup date [Wed May 07 13:20:25 CST 2014]; root of context hierarchy
 2014-05-07 13:20:25 [INFO]   xml.XmlBeanDefinitionReader   org.springframework.beans.factory.xml.XmlBeanDefinitionReader.loadBeanDefinitions(XmlBeanDefinitionReader.java:297)    -   Loading XML bean definitions from class path resource [applicationContext.xml]
 2014-05-07 13:20:26 [INFO]   support.DefaultListableBeanFactory   org.springframework.beans.factory.support.DefaultListableBeanFactory.preInstantiateSingletons(DefaultListableBeanFactory.java:518)    -   Pre-instantiating singletons in org.springframework.beans.factory.support.DefaultListableBeanFactory@192c8d9: defining beans [basicInfo,flowTimeReport,backReasonReport]; root of factory hierarchy
 2014-05-07 13:20:26 [INFO]   report.BackReasonReport   com.cdg.mtsbank.report.BackReasonReport.getBackReasonReport(BackReasonReport.java:61)    -   移动终端服务系统3.0-0408-补件原因报表-开始,定时任务标记20140507132026
 2014-05-07 13:20:26 [INFO]   report.WebServiceDataFactory   com.cdg.mtsbank.report.WebServiceDataFactory.getWebServiceData(WebServiceDataFactory.java:27)    -   coming address is :http://192.168.100.239:7041/mts-web/services/ReportBackReasonService
 2014-05-07 13:20:34 [INFO]   report.BackReasonReport   com.cdg.mtsbank.report.BackReasonReport.getBackReasonReport(BackReasonReport.java:136)    -   移动终端服务3.0-0408 补件原因报表-结束,定时任务标记20140507132026
 2014-05-07 13:34:08 [INFO]   support.ClassPathXmlApplicationContext   org.springframework.context.support.AbstractApplicationContext.prepareRefresh(AbstractApplicationContext.java:418)    -   Refreshing org.springframework.context.support.ClassPathXmlApplicationContext@79717e: startup date [Wed May 07 13:34:08 CST 2014]; root of context hierarchy
 2014-05-07 13:34:08 [INFO]   xml.XmlBeanDefinitionReader   org.springframework.beans.factory.xml.XmlBeanDefinitionReader.loadBeanDefinitions(XmlBeanDefinitionReader.java:297)    -   Loading XML bean definitions from class path resource [applicationContext.xml]
 2014-05-07 13:34:08 [INFO]   support.DefaultListableBeanFactory   org.springframework.beans.factory.support.DefaultListableBeanFactory.preInstantiateSingletons(DefaultListableBeanFactory.java:518)    -   Pre-instantiating singletons in org.springframework.beans.factory.support.DefaultListableBeanFactory@127fa12: defining beans [basicInfo,flowTimeReport,backReasonReport]; root of factory hierarchy
 2014-05-07 13:34:08 [INFO]   report.BackReasonReport   com.cdg.mtsbank.report.BackReasonReport.getBackReasonReport(BackReasonReport.java:61)    -   移动终端服务系统3.0-0408-补件原因报表-开始,定时任务标记20140507133408
 2014-05-07 13:34:08 [INFO]   report.WebServiceDataFactory   com.cdg.mtsbank.report.WebServiceDataFactory.getWebServiceData(WebServiceDataFactory.java:27)    -   coming address is :http://192.168.100.239:7041/mts-web/services/ReportBackReasonService
 2014-05-07 13:34:10 [INFO]   report.BackReasonReport   com.cdg.mtsbank.report.BackReasonReport.getBackReasonReport(BackReasonReport.java:136)    -   移动终端服务3.0-0408 补件原因报表-结束,定时任务标记20140507133408
 2014-05-07 16:28:39 [INFO]   support.ClassPathXmlApplicationContext   org.springframework.context.support.AbstractApplicationContext.prepareRefresh(AbstractApplicationContext.java:418)    -   Refreshing org.springframework.context.support.ClassPathXmlApplicationContext@79717e: startup date [Wed May 07 16:28:39 CST 2014]; root of context hierarchy
 2014-05-07 16:28:40 [INFO]   xml.XmlBeanDefinitionReader   org.springframework.beans.factory.xml.XmlBeanDefinitionReader.loadBeanDefinitions(XmlBeanDefinitionReader.java:297)    -   Loading XML bean definitions from class path resource [applicationContext.xml]
 2014-05-07 16:28:41 [INFO]   support.DefaultListableBeanFactory   org.springframework.beans.factory.support.DefaultListableBeanFactory.preInstantiateSingletons(DefaultListableBeanFactory.java:518)    -   Pre-instantiating singletons in org.springframework.beans.factory.support.DefaultListableBeanFactory@1c05ffd: defining beans [basicInfo,flowTimeReport,backReasonReport]; root of factory hierarchy
 2014-05-07 16:29:19 [INFO]   support.ClassPathXmlApplicationContext   org.springframework.context.support.AbstractApplicationContext.prepareRefresh(AbstractApplicationContext.java:418)    -   Refreshing org.springframework.context.support.ClassPathXmlApplicationContext@12a3722: startup date [Wed May 07 16:29:19 CST 2014]; root of context hierarchy
 2014-05-07 16:29:19 [INFO]   xml.XmlBeanDefinitionReader   org.springframework.beans.factory.xml.XmlBeanDefinitionReader.loadBeanDefinitions(XmlBeanDefinitionReader.java:297)    -   Loading XML bean definitions from class path resource [applicationContext.xml]
 2014-05-07 16:29:19 [INFO]   support.DefaultListableBeanFactory   org.springframework.beans.factory.support.DefaultListableBeanFactory.preInstantiateSingletons(DefaultListableBeanFactory.java:518)    -   Pre-instantiating singletons in org.springframework.beans.factory.support.DefaultListableBeanFactory@de1b8a: defining beans [basicInfo,flowTimeReport,backReasonReport]; root of factory hierarchy
 2014-05-07 16:29:19 [INFO]   report.FlowTimeReport   com.cdg.mtsbank.report.FlowTimeReport.getFlowTimeReport(FlowTimeReport.java:41)    -   移动终端服务系统3.0-0408-时效报表-开始,定时任务标记20140507162919
 2014-05-07 16:29:19 [INFO]   report.WebServiceDataFactory   com.cdg.mtsbank.report.WebServiceDataFactory.getWebServiceData(WebServiceDataFactory.java:27)    -   coming address is :http://192.168.100.239:7041/mts-web/services/ReportReleaseService
 2014-05-07 16:34:53 [INFO]   support.ClassPathXmlApplicationContext   org.springframework.context.support.AbstractApplicationContext.prepareRefresh(AbstractApplicationContext.java:418)    -   Refreshing org.springframework.context.support.ClassPathXmlApplicationContext@10a2d64: startup date [Wed May 07 16:34:53 CST 2014]; root of context hierarchy
 2014-05-07 16:34:53 [INFO]   xml.XmlBeanDefinitionReader   org.springframework.beans.factory.xml.XmlBeanDefinitionReader.loadBeanDefinitions(XmlBeanDefinitionReader.java:297)    -   Loading XML bean definitions from class path resource [applicationContext.xml]
 2014-05-07 16:34:54 [INFO]   support.DefaultListableBeanFactory   org.springframework.beans.factory.support.DefaultListableBeanFactory.preInstantiateSingletons(DefaultListableBeanFactory.java:518)    -   Pre-instantiating singletons in org.springframework.beans.factory.support.DefaultListableBeanFactory@192c8d9: defining beans [basicInfo,flowTimeReport,backReasonReport]; root of factory hierarchy
 2014-05-07 16:34:54 [INFO]   report.FlowTimeReport   com.cdg.mtsbank.report.FlowTimeReport.getFlowTimeReport(FlowTimeReport.java:41)    -   移动终端服务系统3.0-0408-时效报表-开始,定时任务标记20140507163454
 2014-05-07 16:34:54 [INFO]   report.WebServiceDataFactory   com.cdg.mtsbank.report.WebServiceDataFactory.getWebServiceData(WebServiceDataFactory.java:27)    -   coming address is :http://192.168.100.239:7041/mts-web/services/ReleaseReportWebService
 2014-05-07 16:34:57 [INFO]   report.FlowTimeReport   com.cdg.mtsbank.report.FlowTimeReport.getFlowTimeReport(FlowTimeReport.java:101)    -   移动终端服务3.0-0408 时效报表-结束,定时任务标记20140507163454
 2014-05-07 17:05:25 [INFO]   support.ClassPathXmlApplicationContext   org.springframework.context.support.AbstractApplicationContext.prepareRefresh(AbstractApplicationContext.java:418)    -   Refreshing org.springframework.context.support.ClassPathXmlApplicationContext@79717e: startup date [Wed May 07 17:05:25 CST 2014]; root of context hierarchy
 2014-05-07 17:05:25 [INFO]   xml.XmlBeanDefinitionReader   org.springframework.beans.factory.xml.XmlBeanDefinitionReader.loadBeanDefinitions(XmlBeanDefinitionReader.java:297)    -   Loading XML bean definitions from class path resource [applicationContext.xml]
 2014-05-07 17:05:26 [INFO]   support.DefaultListableBeanFactory   org.springframework.beans.factory.support.DefaultListableBeanFactory.preInstantiateSingletons(DefaultListableBeanFactory.java:518)    -   Pre-instantiating singletons in org.springframework.beans.factory.support.DefaultListableBeanFactory@192c8d9: defining beans [basicInfo,flowTimeReport,backReasonReport,scrapedReport]; root of factory hierarchy
 2014-05-07 17:05:26 [INFO]   report.ScrapedReport   com.cdg.mtsbank.report.ScrapedReport.getFlowTimeReport(ScrapedReport.java:39)    -   移动终端服务系统3.0-0408-废件报表-开始,定时任务标记20140507170526
 2014-05-07 17:05:26 [INFO]   report.WebServiceDataFactory   com.cdg.mtsbank.report.WebServiceDataFactory.getWebServiceData(WebServiceDataFactory.java:27)    -   coming address is :http://192.168.100.239:7041/mts-web/services/ReleaseReportWebService
 2014-05-07 17:12:53 [INFO]   support.ClassPathXmlApplicationContext   org.springframework.context.support.AbstractApplicationContext.prepareRefresh(AbstractApplicationContext.java:418)    -   Refreshing org.springframework.context.support.ClassPathXmlApplicationContext@10a2d64: startup date [Wed May 07 17:12:53 CST 2014]; root of context hierarchy
 2014-05-07 17:12:53 [INFO]   xml.XmlBeanDefinitionReader   org.springframework.beans.factory.xml.XmlBeanDefinitionReader.loadBeanDefinitions(XmlBeanDefinitionReader.java:297)    -   Loading XML bean definitions from class path resource [applicationContext.xml]
 2014-05-07 17:12:53 [INFO]   support.DefaultListableBeanFactory   org.springframework.beans.factory.support.DefaultListableBeanFactory.preInstantiateSingletons(DefaultListableBeanFactory.java:518)    -   Pre-instantiating singletons in org.springframework.beans.factory.support.DefaultListableBeanFactory@192c8d9: defining beans [basicInfo,flowTimeReport,backReasonReport,scrapedReport]; root of factory hierarchy
 2014-05-07 17:12:54 [INFO]   report.ScrapedReport   com.cdg.mtsbank.report.ScrapedReport.getFlowTimeReport(ScrapedReport.java:39)    -   移动终端服务系统3.0-0408-废件报表-开始,定时任务标记20140507171254
 2014-05-07 17:12:54 [INFO]   report.WebServiceDataFactory   com.cdg.mtsbank.report.WebServiceDataFactory.getWebServiceData(WebServiceDataFactory.java:27)    -   coming address is :http://192.168.100.239:7041/mts-web/services/ReleaseReportWebService
 2014-05-07 17:13:02 [INFO]   report.ScrapedReport   com.cdg.mtsbank.report.ScrapedReport.getFlowTimeReport(ScrapedReport.java:97)    -   移动终端服务3.0-0408 废件报表-结束,定时任务标记20140507171254
 2014-05-07 17:16:47 [INFO]   support.ClassPathXmlApplicationContext   org.springframework.context.support.AbstractApplicationContext.prepareRefresh(AbstractApplicationContext.java:418)    -   Refreshing org.springframework.context.support.ClassPathXmlApplicationContext@10a2d64: startup date [Wed May 07 17:16:47 CST 2014]; root of context hierarchy
 2014-05-07 17:16:47 [INFO]   xml.XmlBeanDefinitionReader   org.springframework.beans.factory.xml.XmlBeanDefinitionReader.loadBeanDefinitions(XmlBeanDefinitionReader.java:297)    -   Loading XML bean definitions from class path resource [applicationContext.xml]
 2014-05-07 17:16:48 [INFO]   support.DefaultListableBeanFactory   org.springframework.beans.factory.support.DefaultListableBeanFactory.preInstantiateSingletons(DefaultListableBeanFactory.java:518)    -   Pre-instantiating singletons in org.springframework.beans.factory.support.DefaultListableBeanFactory@1c05ffd: defining beans [basicInfo,flowTimeReport,backReasonReport,scrapedReport]; root of factory hierarchy
 2014-05-07 17:16:48 [INFO]   report.ScrapedReport   com.cdg.mtsbank.report.ScrapedReport.getFlowTimeReport(ScrapedReport.java:39)    -   移动终端服务系统3.0-0408-废件报表-开始,定时任务标记20140507171648
 2014-05-07 17:16:48 [INFO]   report.WebServiceDataFactory   com.cdg.mtsbank.report.WebServiceDataFactory.getWebServiceData(WebServiceDataFactory.java:27)    -   coming address is :http://192.168.100.239:7041/mts-web/services/ReleaseReportWebService
 2014-05-07 17:16:48 [INFO]   report.ScrapedReport   com.cdg.mtsbank.report.ScrapedReport.getFlowTimeReport(ScrapedReport.java:97)    -   移动终端服务3.0-0408 废件报表-结束,定时任务标记20140507171648
 2014-05-07 17:19:59 [INFO]   support.ClassPathXmlApplicationContext   org.springframework.context.support.AbstractApplicationContext.prepareRefresh(AbstractApplicationContext.java:418)    -   Refreshing org.springframework.context.support.ClassPathXmlApplicationContext@10a2d64: startup date [Wed May 07 17:19:59 CST 2014]; root of context hierarchy
 2014-05-07 17:19:59 [INFO]   xml.XmlBeanDefinitionReader   org.springframework.beans.factory.xml.XmlBeanDefinitionReader.loadBeanDefinitions(XmlBeanDefinitionReader.java:297)    -   Loading XML bean definitions from class path resource [applicationContext.xml]
 2014-05-07 17:19:59 [INFO]   support.DefaultListableBeanFactory   org.springframework.beans.factory.support.DefaultListableBeanFactory.preInstantiateSingletons(DefaultListableBeanFactory.java:518)    -   Pre-instantiating singletons in org.springframework.beans.factory.support.DefaultListableBeanFactory@192c8d9: defining beans [basicInfo,flowTimeReport,backReasonReport,scrapedReport]; root of factory hierarchy
 2014-05-07 17:19:59 [INFO]   report.ScrapedReport   com.cdg.mtsbank.report.ScrapedReport.getFlowTimeReport(ScrapedReport.java:39)    -   移动终端服务系统3.0-0408-废件报表-开始,定时任务标记20140507171959
 2014-05-07 17:19:59 [INFO]   report.WebServiceDataFactory   com.cdg.mtsbank.report.WebServiceDataFactory.getWebServiceData(WebServiceDataFactory.java:27)    -   coming address is :http://192.168.100.239:7041/mts-web/services/ReleaseReportWebService
 2014-05-07 17:20:00 [INFO]   report.ScrapedReport   com.cdg.mtsbank.report.ScrapedReport.getFlowTimeReport(ScrapedReport.java:97)    -   移动终端服务3.0-0408 废件报表-结束,定时任务标记20140507171959
 2014-05-08 09:38:59 [INFO]   support.ClassPathXmlApplicationContext   org.springframework.context.support.AbstractApplicationContext.prepareRefresh(AbstractApplicationContext.java:418)    -   Refreshing org.springframework.context.support.ClassPathXmlApplicationContext@3570b0: startup date [Thu May 08 09:38:59 CST 2014]; root of context hierarchy
 2014-05-08 09:39:00 [INFO]   xml.XmlBeanDefinitionReader   org.springframework.beans.factory.xml.XmlBeanDefinitionReader.loadBeanDefinitions(XmlBeanDefinitionReader.java:297)    -   Loading XML bean definitions from class path resource [applicationContext.xml]
 2014-05-08 09:39:01 [INFO]   support.DefaultListableBeanFactory   org.springframework.beans.factory.support.DefaultListableBeanFactory.preInstantiateSingletons(DefaultListableBeanFactory.java:518)    -   Pre-instantiating singletons in org.springframework.beans.factory.support.DefaultListableBeanFactory@1d2b01b: defining beans [basicInfo,flowTimeReport,backReasonReport,scrapedReport]; root of factory hierarchy
 2014-05-08 09:39:01 [INFO]   report.ScrapedReport   com.cdg.mtsbank.report.ScrapedReport.getFlowTimeReport(ScrapedReport.java:39)    -   移动终端服务系统3.0-0408-废件报表-开始,定时任务标记20140508093901
 2014-05-08 09:39:01 [INFO]   report.WebServiceDataFactory   com.cdg.mtsbank.report.WebServiceDataFactory.getWebServiceData(WebServiceDataFactory.java:27)    -   coming address is :http://192.168.100.239:7041/mts-web/services/ReleaseReportWebService
 2014-05-08 09:39:10 [INFO]   report.ScrapedReport   com.cdg.mtsbank.report.ScrapedReport.getFlowTimeReport(ScrapedReport.java:97)    -   移动终端服务3.0-0408 废件报表-结束,定时任务标记20140508093901
 2014-05-08 09:46:01 [INFO]   support.ClassPathXmlApplicationContext   org.springframework.context.support.AbstractApplicationContext.prepareRefresh(AbstractApplicationContext.java:418)    -   Refreshing org.springframework.context.support.ClassPathXmlApplicationContext@10a2d64: startup date [Thu May 08 09:46:01 CST 2014]; root of context hierarchy
 2014-05-08 09:46:01 [INFO]   xml.XmlBeanDefinitionReader   org.springframework.beans.factory.xml.XmlBeanDefinitionReader.loadBeanDefinitions(XmlBeanDefinitionReader.java:297)    -   Loading XML bean definitions from class path resource [applicationContext.xml]
 2014-05-08 09:46:01 [INFO]   support.DefaultListableBeanFactory   org.springframework.beans.factory.support.DefaultListableBeanFactory.preInstantiateSingletons(DefaultListableBeanFactory.java:518)    -   Pre-instantiating singletons in org.springframework.beans.factory.support.DefaultListableBeanFactory@192c8d9: defining beans [basicInfo,flowTimeReport,backReasonReport,scrapedReport]; root of factory hierarchy
 2014-05-08 09:46:01 [INFO]   report.ScrapedReport   com.cdg.mtsbank.report.ScrapedReport.getFlowTimeReport(ScrapedReport.java:39)    -   移动终端服务系统3.0-0408-废件报表-开始,定时任务标记20140508094601
 2014-05-08 09:46:01 [INFO]   report.WebServiceDataFactory   com.cdg.mtsbank.report.WebServiceDataFactory.getWebServiceData(WebServiceDataFactory.java:27)    -   coming address is :http://192.168.100.239:7041/mts-web/services/ReleaseReportWebService
 2014-05-08 09:46:17 [INFO]   report.ScrapedReport   com.cdg.mtsbank.report.ScrapedReport.getFlowTimeReport(ScrapedReport.java:97)    -   移动终端服务3.0-0408 废件报表-结束,定时任务标记20140508094601
 2014-05-08 09:57:59 [INFO]   support.ClassPathXmlApplicationContext   org.springframework.context.support.AbstractApplicationContext.prepareRefresh(AbstractApplicationContext.java:418)    -   Refreshing org.springframework.context.support.ClassPathXmlApplicationContext@79717e: startup date [Thu May 08 09:57:59 CST 2014]; root of context hierarchy
 2014-05-08 09:57:59 [INFO]   xml.XmlBeanDefinitionReader   org.springframework.beans.factory.xml.XmlBeanDefinitionReader.loadBeanDefinitions(XmlBeanDefinitionReader.java:297)    -   Loading XML bean definitions from class path resource [applicationContext.xml]
 2014-05-08 09:58:57 [INFO]   support.ClassPathXmlApplicationContext   org.springframework.context.support.AbstractApplicationContext.prepareRefresh(AbstractApplicationContext.java:418)    -   Refreshing org.springframework.context.support.ClassPathXmlApplicationContext@10a2d64: startup date [Thu May 08 09:58:57 CST 2014]; root of context hierarchy
 2014-05-08 09:58:57 [INFO]   xml.XmlBeanDefinitionReader   org.springframework.beans.factory.xml.XmlBeanDefinitionReader.loadBeanDefinitions(XmlBeanDefinitionReader.java:297)    -   Loading XML bean definitions from class path resource [applicationContext.xml]
 2014-05-08 09:58:58 [INFO]   support.DefaultListableBeanFactory   org.springframework.beans.factory.support.DefaultListableBeanFactory.preInstantiateSingletons(DefaultListableBeanFactory.java:518)    -   Pre-instantiating singletons in org.springframework.beans.factory.support.DefaultListableBeanFactory@1c05ffd: defining beans [basicInfo,flowTimeReport,backReasonReport,scrapedReport]; root of factory hierarchy
 2014-05-08 09:58:58 [INFO]   report.FlowTimeReport   com.cdg.mtsbank.report.FlowTimeReport.getFlowTimeReport(FlowTimeReport.java:49)    -   移动终端服务系统3.0-0408-时效报表-开始,定时任务标记20140508095858
 2014-05-08 09:58:58 [INFO]   report.WebServiceDataFactory   com.cdg.mtsbank.report.WebServiceDataFactory.getWebServiceData(WebServiceDataFactory.java:27)    -   coming address is :http://192.168.100.239:7041/mts-web/services/ReleaseReportWebService
 2014-05-08 09:58:59 [INFO]   report.FlowTimeReport   com.cdg.mtsbank.report.FlowTimeReport.getFlowTimeReport(FlowTimeReport.java:109)    -   移动终端服务3.0-0408 时效报表-结束,定时任务标记20140508095858
 2014-05-22 15:37:10 [INFO]   support.ClassPathXmlApplicationContext   org.springframework.context.support.AbstractApplicationContext.prepareRefresh(AbstractApplicationContext.java:418)    -   Refreshing org.springframework.context.support.ClassPathXmlApplicationContext@1a9334: startup date [Thu May 22 15:37:10 CST 2014]; root of context hierarchy
 2014-05-22 15:37:10 [INFO]   xml.XmlBeanDefinitionReader   org.springframework.beans.factory.xml.XmlBeanDefinitionReader.loadBeanDefinitions(XmlBeanDefinitionReader.java:297)    -   Loading XML bean definitions from class path resource [applicationContext.xml]
 2014-05-22 15:37:11 [INFO]   xml.XmlBeanDefinitionReader   org.springframework.beans.factory.xml.XmlBeanDefinitionReader.loadBeanDefinitions(XmlBeanDefinitionReader.java:297)    -   Loading XML bean definitions from URL [file:/E:/MTS3.0/mtsbank-report/bin/job.xml]
 2014-05-22 15:37:11 [INFO]   support.DefaultListableBeanFactory   org.springframework.beans.factory.support.DefaultListableBeanFactory.preInstantiateSingletons(DefaultListableBeanFactory.java:518)    -   Pre-instantiating singletons in org.springframework.beans.factory.support.DefaultListableBeanFactory@182bcde: defining beans [basicInfoTemplate,flowTimeReport,backReasonReport,scrapedReport,dailyAmountReport,allFlowTimeReport,scrapReportTask,scrapReportTime,backReasonReportTask,backReasonReportTime,dailyAmountReportTask,dailyAmountReportTaskTime,allFlowTimeReportTask,allFlowTimeReportTime,flowTimeReportTask,flowTimeReportTime,startQuertz]; root of factory hierarchy
 2014-05-22 15:37:12 [INFO]   core.QuartzScheduler   org.quartz.core.QuartzScheduler.<init>(QuartzScheduler.java:209)    -   Quartz Scheduler v.1.6.0 created.
 2014-05-22 15:37:12 [INFO]   simpl.RAMJobStore   org.quartz.simpl.RAMJobStore.initialize(RAMJobStore.java:141)    -   RAMJobStore initialized.
 2014-05-22 15:37:12 [INFO]   impl.StdSchedulerFactory   org.quartz.impl.StdSchedulerFactory.instantiate(StdSchedulerFactory.java:1208)    -   Quartz scheduler 'startQuertz' initialized from an externally provided properties instance.
 2014-05-22 15:37:12 [INFO]   impl.StdSchedulerFactory   org.quartz.impl.StdSchedulerFactory.instantiate(StdSchedulerFactory.java:1212)    -   Quartz scheduler version: 1.6.0
 2014-05-22 15:37:12 [INFO]   core.QuartzScheduler   org.quartz.core.QuartzScheduler.setJobFactory(QuartzScheduler.java:2065)    -   JobFactory set to: org.springframework.scheduling.quartz.AdaptableJobFactory@15c62bc
 2014-05-22 15:37:12 [INFO]   quartz.SchedulerFactoryBean   org.springframework.scheduling.quartz.SchedulerFactoryBean.startScheduler(SchedulerFactoryBean.java:625)    -   Starting Quartz Scheduler now
 2014-05-22 15:37:12 [INFO]   core.QuartzScheduler   org.quartz.core.QuartzScheduler.start(QuartzScheduler.java:455)    -   Scheduler startQuertz_$_NON_CLUSTERED started.
 2014-05-22 15:37:12 [INFO]   report.AllFlowTimeReport   com.cdg.mtsbank.report.AllFlowTimeReport.getAllFlowTimeReport(AllFlowTimeReport.java:35)    -   移动终端服务系统3.0-0408-全流程报表-开始,定时任务标记20140522153712
 2014-05-22 15:37:12 [INFO]   report.WebServiceDataFactory   com.cdg.mtsbank.report.WebServiceDataFactory.getWebServiceData(WebServiceDataFactory.java:27)    -   coming address is :http://192.168.100.239:7041/mts-web/services/ReleaseReportWebService
 2014-05-22 15:37:17 [INFO]   report.AllFlowTimeReport   com.cdg.mtsbank.report.AllFlowTimeReport.getAllFlowTimeReport(AllFlowTimeReport.java:89)    -   移动终端服务3.0-0408 全流程报表-结束,定时任务标记20140522153712
 2014-05-22 15:37:17 [INFO]   report.FlowTimeReport   com.cdg.mtsbank.report.FlowTimeReport.getFlowTimeReport(FlowTimeReport.java:41)    -   移动终端服务系统3.0-0408-时效报表-开始,定时任务标记20140522153717
 2014-05-22 15:37:17 [INFO]   report.WebServiceDataFactory   com.cdg.mtsbank.report.WebServiceDataFactory.getWebServiceData(WebServiceDataFactory.java:27)    -   coming address is :http://192.168.100.239:7041/mts-web/services/ReleaseReportWebService
 2014-05-22 15:37:17 [ERROR]   report.FlowTimeReport   com.cdg.mtsbank.report.FlowTimeReport.fixFlowTimeList(FlowTimeReport.java:154)    -   Calculate timePerform error with :2014-04-29 14:48:36 and null
 2014-05-22 15:37:17 [ERROR]   report.FlowTimeReport   com.cdg.mtsbank.report.FlowTimeReport.fixFlowTimeList(FlowTimeReport.java:154)    -   Calculate timePerform error with :2014-04-29 16:22:31 and null
 2014-05-22 15:37:17 [ERROR]   report.FlowTimeReport   com.cdg.mtsbank.report.FlowTimeReport.fixFlowTimeList(FlowTimeReport.java:154)    -   Calculate timePerform error with :2014-04-29 16:38:36 and null
 2014-05-22 15:37:17 [INFO]   report.FlowTimeReport   com.cdg.mtsbank.report.FlowTimeReport.getFlowTimeReport(FlowTimeReport.java:100)    -   移动终端服务3.0-0408 初审时效报表-结束,定时任务标记20140522153717
 2014-05-22 15:37:17 [INFO]   report.JobStart   com.cdg.mtsbank.report.JobStart.main(JobStart.java:61)    -   MTS3.0 report system loading over!
 2014-05-22 15:42:45 [INFO]   support.ClassPathXmlApplicationContext   org.springframework.context.support.AbstractApplicationContext.prepareRefresh(AbstractApplicationContext.java:418)    -   Refreshing org.springframework.context.support.ClassPathXmlApplicationContext@1a9334: startup date [Thu May 22 15:42:45 CST 2014]; root of context hierarchy
 2014-05-22 15:42:46 [INFO]   xml.XmlBeanDefinitionReader   org.springframework.beans.factory.xml.XmlBeanDefinitionReader.loadBeanDefinitions(XmlBeanDefinitionReader.java:297)    -   Loading XML bean definitions from class path resource [applicationContext.xml]
 2014-05-22 15:42:46 [INFO]   xml.XmlBeanDefinitionReader   org.springframework.beans.factory.xml.XmlBeanDefinitionReader.loadBeanDefinitions(XmlBeanDefinitionReader.java:297)    -   Loading XML bean definitions from URL [file:/E:/MTS3.0/mtsbank-report/bin/job.xml]
 2014-05-22 15:42:46 [INFO]   support.DefaultListableBeanFactory   org.springframework.beans.factory.support.DefaultListableBeanFactory.preInstantiateSingletons(DefaultListableBeanFactory.java:518)    -   Pre-instantiating singletons in org.springframework.beans.factory.support.DefaultListableBeanFactory@17431b9: defining beans [basicInfoTemplate,flowTimeReport,backReasonReport,scrapedReport,dailyAmountReport,allFlowTimeReport,scrapReportTask,scrapReportTime,backReasonReportTask,backReasonReportTime,dailyAmountReportTask,dailyAmountReportTaskTime,allFlowTimeReportTask,allFlowTimeReportTime,flowTimeReportTask,flowTimeReportTime,startQuertz]; root of factory hierarchy
 2014-05-22 15:42:47 [INFO]   core.QuartzScheduler   org.quartz.core.QuartzScheduler.<init>(QuartzScheduler.java:209)    -   Quartz Scheduler v.1.6.0 created.
 2014-05-22 15:42:47 [INFO]   simpl.RAMJobStore   org.quartz.simpl.RAMJobStore.initialize(RAMJobStore.java:141)    -   RAMJobStore initialized.
 2014-05-22 15:42:47 [INFO]   impl.StdSchedulerFactory   org.quartz.impl.StdSchedulerFactory.instantiate(StdSchedulerFactory.java:1208)    -   Quartz scheduler 'startQuertz' initialized from an externally provided properties instance.
 2014-05-22 15:42:47 [INFO]   impl.StdSchedulerFactory   org.quartz.impl.StdSchedulerFactory.instantiate(StdSchedulerFactory.java:1212)    -   Quartz scheduler version: 1.6.0
 2014-05-22 15:42:47 [INFO]   core.QuartzScheduler   org.quartz.core.QuartzScheduler.setJobFactory(QuartzScheduler.java:2065)    -   JobFactory set to: org.springframework.scheduling.quartz.AdaptableJobFactory@18ce14a
 2014-05-22 15:42:47 [INFO]   quartz.SchedulerFactoryBean   org.springframework.scheduling.quartz.SchedulerFactoryBean.startScheduler(SchedulerFactoryBean.java:625)    -   Starting Quartz Scheduler now
 2014-05-22 15:42:47 [INFO]   core.QuartzScheduler   org.quartz.core.QuartzScheduler.start(QuartzScheduler.java:455)    -   Scheduler startQuertz_$_NON_CLUSTERED started.
 2014-05-22 15:42:47 [INFO]   report.AllFlowTimeReport   com.cdg.mtsbank.report.AllFlowTimeReport.getAllFlowTimeReport(AllFlowTimeReport.java:35)    -   移动终端服务系统3.0-0408-全流程报表-开始,定时任务标记20140522154247
 2014-05-22 15:42:47 [INFO]   report.WebServiceDataFactory   com.cdg.mtsbank.report.WebServiceDataFactory.getWebServiceData(WebServiceDataFactory.java:27)    -   coming address is :http://192.168.100.239:7041/mts-web/services/ReleaseReportWebService
 2014-05-22 15:42:50 [INFO]   report.AllFlowTimeReport   com.cdg.mtsbank.report.AllFlowTimeReport.getAllFlowTimeReport(AllFlowTimeReport.java:89)    -   移动终端服务3.0-0408 全流程报表-结束,定时任务标记20140522154247
 2014-05-22 15:42:50 [INFO]   report.FlowTimeReport   com.cdg.mtsbank.report.FlowTimeReport.getFlowTimeReport(FlowTimeReport.java:41)    -   移动终端服务系统3.0-0408-时效报表-开始,定时任务标记20140522154250
 2014-05-22 15:42:50 [INFO]   report.WebServiceDataFactory   com.cdg.mtsbank.report.WebServiceDataFactory.getWebServiceData(WebServiceDataFactory.java:27)    -   coming address is :http://192.168.100.239:7041/mts-web/services/ReleaseReportWebService
 2014-05-22 15:42:50 [ERROR]   report.FlowTimeReport   com.cdg.mtsbank.report.FlowTimeReport.fixFlowTimeList(FlowTimeReport.java:154)    -   Calculate timePerform error with :2014-04-29 14:48:36 and null
 2014-05-22 15:42:50 [ERROR]   report.FlowTimeReport   com.cdg.mtsbank.report.FlowTimeReport.fixFlowTimeList(FlowTimeReport.java:154)    -   Calculate timePerform error with :2014-04-29 16:22:31 and null
 2014-05-22 15:42:50 [ERROR]   report.FlowTimeReport   com.cdg.mtsbank.report.FlowTimeReport.fixFlowTimeList(FlowTimeReport.java:154)    -   Calculate timePerform error with :2014-04-29 16:38:36 and null
 2014-05-22 15:42:51 [INFO]   report.FlowTimeReport   com.cdg.mtsbank.report.FlowTimeReport.getFlowTimeReport(FlowTimeReport.java:100)    -   移动终端服务3.0-0408 初审时效报表-结束,定时任务标记20140522154250
 2014-05-22 15:42:51 [INFO]   report.JobStart   com.cdg.mtsbank.report.JobStart.main(JobStart.java:61)    -   MTS3.0 report system loading over!
 